app/build/intermediates/manifest_merge_blame_file/debug/processDebugMainManifest/manifest-merger-blame-debug-report.txt
1<?xml version="1.0" encoding="utf-8"?>
2<manifest xmlns:android="http://schemas.android.com/apk/res/android"
3    package="com.tuapp.maps"
4    android:versionCode="1"
5    android:versionName="1.0" >
6
7    <uses-sdk
8        android:minSdkVersion="26"
9        android:targetSdkVersion="35" />
10
11    <uses-permission android:name="android.permission.INTERNET" />
11-->src/main/AndroidManifest.xml:4:5-67
11-->src/main/AndroidManifest.xml:4:22-64
12    <uses-permission android:name="android.permission.ACCESS_NETWORK_STATE" />
12-->src/main/AndroidManifest.xml:5:5-79
12-->src/main/AndroidManifest.xml:5:22-76
13    <uses-permission android:name="android.permission.ACCESS_FINE_LOCATION" />
13-->src/main/AndroidManifest.xml:6:5-79
13-->src/main/AndroidManifest.xml:6:22-76
14    <uses-permission android:name="android.permission.ACCESS_COARSE_LOCATION" />
14-->src/main/AndroidManifest.xml:7:5-81
14-->src/main/AndroidManifest.xml:7:22-78
15    <uses-permission android:name="android.permission.ACCESS_WIFI_STATE" />
15-->[com.google.android.libraries.places:places:3.4.0] AndroidManifest.xml:11:5-76
15-->[com.google.android.libraries.places:places:3.4.0] AndroidManifest.xml:11:22-73
16
17    <uses-feature
17-->[com.google.android.gms:play-services-maps:19.0.0] AndroidManifest.xml:26:5-28:35
18        android:glEsVersion="0x00020000"
18-->[com.google.android.gms:play-services-maps:19.0.0] AndroidManifest.xml:27:9-41
19        android:required="true" />
19-->[com.google.android.gms:play-services-maps:19.0.0] AndroidManifest.xml:28:9-32
20
21    <queries>
21-->[com.google.android.gms:play-services-maps:19.0.0] AndroidManifest.xml:30:5-34:15
22
23        <!-- Needs to be explicitly declared on Android R+ -->
24        <package android:name="com.google.android.apps.maps" />
24-->[com.google.android.gms:play-services-maps:19.0.0] AndroidManifest.xml:33:9-64
24-->[com.google.android.gms:play-services-maps:19.0.0] AndroidManifest.xml:33:18-61
25    </queries>
26
27    <permission
27-->[androidx.core:core:1.13.1] AndroidManifest.xml:22:5-24:47
28        android:name="com.tuapp.maps.DYNAMIC_RECEIVER_NOT_EXPORTED_PERMISSION"
28-->[androidx.core:core:1.13.1] AndroidManifest.xml:23:9-81
29        android:protectionLevel="signature" />
29-->[androidx.core:core:1.13.1] AndroidManifest.xml:24:9-44
30
31    <uses-permission android:name="com.tuapp.maps.DYNAMIC_RECEIVER_NOT_EXPORTED_PERMISSION" />
31-->[androidx.core:core:1.13.1] AndroidManifest.xml:26:5-97
31-->[androidx.core:core:1.13.1] AndroidManifest.xml:26:22-94
32
33    <application
33-->src/main/AndroidManifest.xml:9:5-65:19
34        android:name="com.tuapp.maps.MapsApplication"
34-->src/main/AndroidManifest.xml:10:9-40
35        android:allowBackup="true"
35-->src/main/AndroidManifest.xml:11:9-35
36        android:appComponentFactory="androidx.core.app.CoreComponentFactory"
36-->[androidx.core:core:1.13.1] AndroidManifest.xml:28:18-86
37        android:debuggable="true"
38        android:extractNativeLibs="false"
39        android:icon="@mipmap/ic_launcher"
39-->src/main/AndroidManifest.xml:12:9-43
40        android:label="@string/app_name"
40-->src/main/AndroidManifest.xml:14:9-41
41        android:localeConfig="@xml/locales_config"
41-->src/main/AndroidManifest.xml:16:9-51
42        android:roundIcon="@mipmap/ic_launcher_round"
42-->src/main/AndroidManifest.xml:13:9-54
43        android:supportsRtl="true"
43-->src/main/AndroidManifest.xml:17:9-35
44        android:testOnly="true"
45        android:theme="@style/Theme.GeoPuntos" >
45-->src/main/AndroidManifest.xml:15:9-47
46        <meta-data
47            android:name="com.google.android.geo.API_KEY"
47-->src/main/AndroidManifest.xml:20:13-58
48            android:value="TU_MAPS_API_KEY_AQUI" />
48-->src/main/AndroidManifest.xml:21:13-44
49
50        <!--
51             Permite que AppCompatDelegate.setApplicationLocales() recuerde el idioma elegido
52             entre reinicios de la app en versiones anteriores a Android 13.
53        -->
54        <service
54-->src/main/AndroidManifest.xml:25:9-32:19
55            android:name="androidx.appcompat.app.AppLocalesMetadataHolderService"
55-->src/main/AndroidManifest.xml:26:13-82
56            android:enabled="false"
56-->src/main/AndroidManifest.xml:27:13-36
57            android:exported="false" >
57-->src/main/AndroidManifest.xml:28:13-37
58            <meta-data
58-->src/main/AndroidManifest.xml:29:13-31:40
59                android:name="autoStoreLocale"
59-->src/main/AndroidManifest.xml:30:17-47
60                android:value="true" />
60-->src/main/AndroidManifest.xml:31:17-37
61        </service>
62
63        <activity
63-->src/main/AndroidManifest.xml:34:9-64:20
64            android:name="com.tuapp.maps.MainActivity"
64-->src/main/AndroidManifest.xml:35:13-41
65            android:exported="true"
65-->src/main/AndroidManifest.xml:36:13-36
66            android:launchMode="singleTask"
66-->src/main/AndroidManifest.xml:37:13-44
67            android:theme="@style/Theme.GeoPuntos" >
67-->src/main/AndroidManifest.xml:38:13-51
68            <intent-filter>
68-->src/main/AndroidManifest.xml:39:13-42:29
69                <action android:name="android.intent.action.MAIN" />
69-->src/main/AndroidManifest.xml:40:17-69
69-->src/main/AndroidManifest.xml:40:25-66
70
71                <category android:name="android.intent.category.LAUNCHER" />
71-->src/main/AndroidManifest.xml:41:17-77
71-->src/main/AndroidManifest.xml:41:27-74
72            </intent-filter>
73
74            <!-- Android App Links: https://geopuntos.example.com/punto/{placeId} -->
75            <intent-filter android:autoVerify="true" >
75-->src/main/AndroidManifest.xml:45:13-53:29
75-->src/main/AndroidManifest.xml:45:28-53
76                <action android:name="android.intent.action.VIEW" />
76-->src/main/AndroidManifest.xml:46:17-69
76-->src/main/AndroidManifest.xml:46:25-66
77
78                <category android:name="android.intent.category.DEFAULT" />
78-->src/main/AndroidManifest.xml:47:17-76
78-->src/main/AndroidManifest.xml:47:27-73
79                <category android:name="android.intent.category.BROWSABLE" />
79-->src/main/AndroidManifest.xml:48:17-78
79-->src/main/AndroidManifest.xml:48:27-75
80
81                <data
81-->src/main/AndroidManifest.xml:49:17-52:51
82                    android:host="geopuntos.example.com"
82-->src/main/AndroidManifest.xml:51:21-57
83                    android:pathPrefix="/punto"
83-->src/main/AndroidManifest.xml:52:21-48
84                    android:scheme="https" />
84-->src/main/AndroidManifest.xml:50:21-43
85            </intent-filter>
86
87            <!-- Esquema propio como respaldo (no requiere verificacion de dominio) -->
88            <intent-filter>
88-->src/main/AndroidManifest.xml:56:13-63:29
89                <action android:name="android.intent.action.VIEW" />
89-->src/main/AndroidManifest.xml:46:17-69
89-->src/main/AndroidManifest.xml:46:25-66
90
91                <category android:name="android.intent.category.DEFAULT" />
91-->src/main/AndroidManifest.xml:47:17-76
91-->src/main/AndroidManifest.xml:47:27-73
92                <category android:name="android.intent.category.BROWSABLE" />
92-->src/main/AndroidManifest.xml:48:17-78
92-->src/main/AndroidManifest.xml:48:27-75
93
94                <data
94-->src/main/AndroidManifest.xml:49:17-52:51
95                    android:host="punto"
95-->src/main/AndroidManifest.xml:51:21-57
96                    android:scheme="geopuntos" />
96-->src/main/AndroidManifest.xml:50:21-43
97            </intent-filter>
98        </activity>
99        <activity
99-->[com.google.android.libraries.places:places:3.4.0] AndroidManifest.xml:15:9-21:20
100            android:name="com.google.android.libraries.places.widget.AutocompleteActivity"
100-->[com.google.android.libraries.places:places:3.4.0] AndroidManifest.xml:16:13-91
101            android:exported="false"
101-->[com.google.android.libraries.places:places:3.4.0] AndroidManifest.xml:17:13-37
102            android:label="@string/places_autocomplete_label"
102-->[com.google.android.libraries.places:places:3.4.0] AndroidManifest.xml:18:13-62
103            android:theme="@style/PlacesAutocompleteOverlay"
103-->[com.google.android.libraries.places:places:3.4.0] AndroidManifest.xml:19:13-61
104            android:windowSoftInputMode="adjustResize" >
104-->[com.google.android.libraries.places:places:3.4.0] AndroidManifest.xml:20:13-55
105        </activity> <!-- Needs to be explicitly declared on P+ -->
106        <uses-library
106-->[com.google.android.gms:play-services-maps:19.0.0] AndroidManifest.xml:39:9-41:40
107            android:name="org.apache.http.legacy"
107-->[com.google.android.gms:play-services-maps:19.0.0] AndroidManifest.xml:40:13-50
108            android:required="false" />
108-->[com.google.android.gms:play-services-maps:19.0.0] AndroidManifest.xml:41:13-37
109
110        <activity
110-->[com.google.android.gms:play-services-base:18.5.0] AndroidManifest.xml:5:9-173
111            android:name="com.google.android.gms.common.api.GoogleApiActivity"
111-->[com.google.android.gms:play-services-base:18.5.0] AndroidManifest.xml:5:19-85
112            android:exported="false"
112-->[com.google.android.gms:play-services-base:18.5.0] AndroidManifest.xml:5:146-170
113            android:theme="@android:style/Theme.Translucent.NoTitleBar" />
113-->[com.google.android.gms:play-services-base:18.5.0] AndroidManifest.xml:5:86-145
114
115        <service
115-->[androidx.room:room-runtime:2.6.1] AndroidManifest.xml:24:9-28:63
116            android:name="androidx.room.MultiInstanceInvalidationService"
116-->[androidx.room:room-runtime:2.6.1] AndroidManifest.xml:25:13-74
117            android:directBootAware="true"
117-->[androidx.room:room-runtime:2.6.1] AndroidManifest.xml:26:13-43
118            android:exported="false" />
118-->[androidx.room:room-runtime:2.6.1] AndroidManifest.xml:27:13-37
119
120        <activity
120-->[androidx.compose.ui:ui-tooling-android:1.7.0] AndroidManifest.xml:23:9-25:39
121            android:name="androidx.compose.ui.tooling.PreviewActivity"
121-->[androidx.compose.ui:ui-tooling-android:1.7.0] AndroidManifest.xml:24:13-71
122            android:exported="true" />
122-->[androidx.compose.ui:ui-tooling-android:1.7.0] AndroidManifest.xml:25:13-36
123
124        <provider
124-->[androidx.lifecycle:lifecycle-process:2.8.6] AndroidManifest.xml:24:9-32:20
125            android:name="androidx.startup.InitializationProvider"
125-->[androidx.lifecycle:lifecycle-process:2.8.6] AndroidManifest.xml:25:13-67
126            android:authorities="com.tuapp.maps.androidx-startup"
126-->[androidx.lifecycle:lifecycle-process:2.8.6] AndroidManifest.xml:26:13-68
127            android:exported="false" >
127-->[androidx.lifecycle:lifecycle-process:2.8.6] AndroidManifest.xml:27:13-37
128            <meta-data
128-->[androidx.lifecycle:lifecycle-process:2.8.6] AndroidManifest.xml:29:13-31:52
129                android:name="androidx.lifecycle.ProcessLifecycleInitializer"
129-->[androidx.lifecycle:lifecycle-process:2.8.6] AndroidManifest.xml:30:17-78
130                android:value="androidx.startup" />
130-->[androidx.lifecycle:lifecycle-process:2.8.6] AndroidManifest.xml:31:17-49
131            <meta-data
131-->[androidx.emoji2:emoji2:1.3.0] AndroidManifest.xml:29:13-31:52
132                android:name="androidx.emoji2.text.EmojiCompatInitializer"
132-->[androidx.emoji2:emoji2:1.3.0] AndroidManifest.xml:30:17-75
133                android:value="androidx.startup" />
133-->[androidx.emoji2:emoji2:1.3.0] AndroidManifest.xml:31:17-49
134            <meta-data
134-->[androidx.profileinstaller:profileinstaller:1.3.1] AndroidManifest.xml:29:13-31:52
135                android:name="androidx.profileinstaller.ProfileInstallerInitializer"
135-->[androidx.profileinstaller:profileinstaller:1.3.1] AndroidManifest.xml:30:17-85
136                android:value="androidx.startup" />
136-->[androidx.profileinstaller:profileinstaller:1.3.1] AndroidManifest.xml:31:17-49
137        </provider>
138
139        <meta-data
139-->[com.google.android.gms:play-services-basement:18.4.0] AndroidManifest.xml:6:9-122
140            android:name="com.google.android.gms.version"
140-->[com.google.android.gms:play-services-basement:18.4.0] AndroidManifest.xml:6:20-65
141            android:value="@integer/google_play_services_version" />
141-->[com.google.android.gms:play-services-basement:18.4.0] AndroidManifest.xml:6:66-119
142
143        <receiver
143-->[androidx.profileinstaller:profileinstaller:1.3.1] AndroidManifest.xml:34:9-52:20
144            android:name="androidx.profileinstaller.ProfileInstallReceiver"
144-->[androidx.profileinstaller:profileinstaller:1.3.1] AndroidManifest.xml:35:13-76
145            android:directBootAware="false"
145-->[androidx.profileinstaller:profileinstaller:1.3.1] AndroidManifest.xml:36:13-44
146            android:enabled="true"
146-->[androidx.profileinstaller:profileinstaller:1.3.1] AndroidManifest.xml:37:13-35
147            android:exported="true"
147-->[androidx.profileinstaller:profileinstaller:1.3.1] AndroidManifest.xml:38:13-36
148            android:permission="android.permission.DUMP" >
148-->[androidx.profileinstaller:profileinstaller:1.3.1] AndroidManifest.xml:39:13-57
149            <intent-filter>
149-->[androidx.profileinstaller:profileinstaller:1.3.1] AndroidManifest.xml:40:13-42:29
150                <action android:name="androidx.profileinstaller.action.INSTALL_PROFILE" />
150-->[androidx.profileinstaller:profileinstaller:1.3.1] AndroidManifest.xml:41:17-91
150-->[androidx.profileinstaller:profileinstaller:1.3.1] AndroidManifest.xml:41:25-88
151            </intent-filter>
152            <intent-filter>
152-->[androidx.profileinstaller:profileinstaller:1.3.1] AndroidManifest.xml:43:13-45:29
153                <action android:name="androidx.profileinstaller.action.SKIP_FILE" />
153-->[androidx.profileinstaller:profileinstaller:1.3.1] AndroidManifest.xml:44:17-85
153-->[androidx.profileinstaller:profileinstaller:1.3.1] AndroidManifest.xml:44:25-82
154            </intent-filter>
155            <intent-filter>
155-->[androidx.profileinstaller:profileinstaller:1.3.1] AndroidManifest.xml:46:13-48:29
156                <action android:name="androidx.profileinstaller.action.SAVE_PROFILE" />
156-->[androidx.profileinstaller:profileinstaller:1.3.1] AndroidManifest.xml:47:17-88
156-->[androidx.profileinstaller:profileinstaller:1.3.1] AndroidManifest.xml:47:25-85
157            </intent-filter>
158            <intent-filter>
158-->[androidx.profileinstaller:profileinstaller:1.3.1] AndroidManifest.xml:49:13-51:29
159                <action android:name="androidx.profileinstaller.action.BENCHMARK_OPERATION" />
159-->[androidx.profileinstaller:profileinstaller:1.3.1] AndroidManifest.xml:50:17-95
159-->[androidx.profileinstaller:profileinstaller:1.3.1] AndroidManifest.xml:50:25-92
160            </intent-filter>
161        </receiver>
162
163        <service
163-->[com.google.android.datatransport:transport-backend-cct:3.2.0] AndroidManifest.xml:26:9-32:19
164            android:name="com.google.android.datatransport.runtime.backends.TransportBackendDiscovery"
164-->[com.google.android.datatransport:transport-backend-cct:3.2.0] AndroidManifest.xml:27:13-103
165            android:exported="false" >
165-->[com.google.android.datatransport:transport-backend-cct:3.2.0] AndroidManifest.xml:28:13-37
166            <meta-data
166-->[com.google.android.datatransport:transport-backend-cct:3.2.0] AndroidManifest.xml:29:13-31:39
167                android:name="backend:com.google.android.datatransport.cct.CctBackendFactory"
167-->[com.google.android.datatransport:transport-backend-cct:3.2.0] AndroidManifest.xml:30:17-94
168                android:value="cct" />
168-->[com.google.android.datatransport:transport-backend-cct:3.2.0] AndroidManifest.xml:31:17-36
169        </service>
170        <service
170-->[com.google.android.datatransport:transport-runtime:3.2.0] AndroidManifest.xml:24:9-28:19
171            android:name="com.google.android.datatransport.runtime.scheduling.jobscheduling.JobInfoSchedulerService"
171-->[com.google.android.datatransport:transport-runtime:3.2.0] AndroidManifest.xml:25:13-117
172            android:exported="false"
172-->[com.google.android.datatransport:transport-runtime:3.2.0] AndroidManifest.xml:26:13-37
173            android:permission="android.permission.BIND_JOB_SERVICE" >
173-->[com.google.android.datatransport:transport-runtime:3.2.0] AndroidManifest.xml:27:13-69
174        </service>
175
176        <receiver
176-->[com.google.android.datatransport:transport-runtime:3.2.0] AndroidManifest.xml:30:9-32:40
177            android:name="com.google.android.datatransport.runtime.scheduling.jobscheduling.AlarmManagerSchedulerBroadcastReceiver"
177-->[com.google.android.datatransport:transport-runtime:3.2.0] AndroidManifest.xml:31:13-132
178            android:exported="false" />
178-->[com.google.android.datatransport:transport-runtime:3.2.0] AndroidManifest.xml:32:13-37
179    </application>
180
181</manifest>